2025-03-12 15:21:08,848 INFO c.i.r.ClientPool [1] ClientPool initialized, size: 10
2025-03-12 15:21:09,068 DEBUG c.i.r.RestUtil [1] uri: https://kcwong.atlassian.net/rest/api/3/issuetype GET
2025-03-12 15:21:09,093 DEBUG c.i.r.RestUtil [1] header: Authorization = Basic a2Mud29uZ0BpZ3NsLWdyb3VwLmNvbTpBVEFUVDN4RmZHRjA3dWpQU29CVEx4WEFhemFrOHIxNTA1dGFzdERwYmU3Z1JSZ2FiV1RteDBkR3MyNno3NTBvcjZGN0tJRURSaC1lTnNab2YwMVdTM1pNbHR0Wkl3ZzY0RzZfQkRxM2pUMzlkNDdxUkJvX1NIMzZOaEJCajQ3eW96aWVuZGdSaU54SGxZMnEtY2stVDZIbnNxeE5MTnh4R0d4dEp6MGlfUHZsdXo0aERLMmQ1LTg9N0Y2RjY0RjE=
2025-03-12 15:21:11,906 DEBUG c.i.r.RestUtil [1] uri: https://kcwong.atlassian.net/rest/api/3/project/search GET
2025-03-12 15:21:11,907 DEBUG c.i.r.RestUtil [1] query: startAt = 0
2025-03-12 15:21:11,908 DEBUG c.i.r.RestUtil [1] header: Authorization = Basic a2Mud29uZ0BpZ3NsLWdyb3VwLmNvbTpBVEFUVDN4RmZHRjA3dWpQU29CVEx4WEFhemFrOHIxNTA1dGFzdERwYmU3Z1JSZ2FiV1RteDBkR3MyNno3NTBvcjZGN0tJRURSaC1lTnNab2YwMVdTM1pNbHR0Wkl3ZzY0RzZfQkRxM2pUMzlkNDdxUkJvX1NIMzZOaEJCajQ3eW96aWVuZGdSaU54SGxZMnEtY2stVDZIbnNxeE5MTnh4R0d4dEp6MGlfUHZsdXo0aERLMmQ1LTg9N0Y2RjY0RjE=
2025-03-12 15:21:13,139 INFO c.i.m.CSVMapping [1] Global Mapping: {
  "ISSUE_TYPE" : {
    "Task" : "10005",
    "Support" : "10015",
    "Epic" : "10000",
    "Service Request with Approvals" : "10033",
    "Ask a question" : "10029",
    "General request" : "10026",
    "New Feature" : "10014",
    "Improvement" : "10016",
    "Bug" : "10007",
    "IT Help" : "10031",
    "[System] Post-incident review" : "10009",
    "Approval" : "10017",
    "Story" : "10004",
    "[System] Problem" : "10013",
    "[System] Incident" : "10008",
    "CSR" : "10027",
    "Service Request" : "10032",
    "[System] Service request" : "10010",
    "[System] Service request with approvals" : "10011",
    "Change" : "10036",
    "[System] Change" : "10012",
    "Emailed request" : "10030",
    "Sub-task" : "10006",
    "Submit a request or incident" : "10028",
    "Problem" : "10035",
    "Incident" : "10034"
  },
  "PROJECT" : {
    "SCRUM2" : "10053",
    "FT1" : "10042",
    "UT2" : "10044",
    "FT2" : "10045",
    "TEST" : "10052",
    "SCRUM" : "10051",
    "CHEC" : "10040",
    "UT" : "10043"
  }
}
2025-03-12 15:21:13,160 DEBUG c.i.r.RestUtil [1] uri: https://kcwong.atlassian.net/rest/api/3/search/jql GET
2025-03-12 15:21:13,160 DEBUG c.i.r.RestUtil [1] header: Authorization = Basic a2Mud29uZ0BpZ3NsLWdyb3VwLmNvbTpBVEFUVDN4RmZHRjA3dWpQU29CVEx4WEFhemFrOHIxNTA1dGFzdERwYmU3Z1JSZ2FiV1RteDBkR3MyNno3NTBvcjZGN0tJRURSaC1lTnNab2YwMVdTM1pNbHR0Wkl3ZzY0RzZfQkRxM2pUMzlkNDdxUkJvX1NIMzZOaEJCajQ3eW96aWVuZGdSaU54SGxZMnEtY2stVDZIbnNxeE5MTnh4R0d4dEp6MGlfUHZsdXo0aERLMmQ1LTg9N0Y2RjY0RjE=
2025-03-12 15:21:14,389 ERROR c.i.r.RestUtil [1] Exception class: class java.lang.IllegalStateException
java.lang.IllegalStateException: {"errorMessages":["Unbounded JQL queries are not allowed here. Please add a search restriction to your query."],"errors":{}}
	at com.igsl.rest.RestUtil.request(RestUtil.java:555) [classes/:?]
	at com.igsl.rest.RestUtil.requestAllPages(RestUtil.java:645) [classes/:?]
	at com.igsl.mapping.CSVMapping.loadMapping(CSVMapping.java:68) [classes/:?]
	at com.igsl.mapping.CSVMapping.main(CSVMapping.java:185) [classes/:?]
2025-03-12 15:21:14,397 ERROR c.i.m.CSVMapping [1] Failed to retrieve issue mappings
java.lang.IllegalStateException: {"errorMessages":["Unbounded JQL queries are not allowed here. Please add a search restriction to your query."],"errors":{}}
	at com.igsl.rest.RestUtil.request(RestUtil.java:555) ~[classes/:?]
	at com.igsl.rest.RestUtil.requestAllPages(RestUtil.java:645) ~[classes/:?]
	at com.igsl.mapping.CSVMapping.loadMapping(CSVMapping.java:68) [classes/:?]
	at com.igsl.mapping.CSVMapping.main(CSVMapping.java:185) [classes/:?]
2025-03-12 15:42:39,221 INFO c.i.r.ClientPool [1] ClientPool initialized, size: 10
2025-03-12 15:42:39,601 DEBUG c.i.r.RestUtil [1] uri: https://kcwong.atlassian.net/rest/api/3/issuetype GET
2025-03-12 15:42:39,633 DEBUG c.i.r.RestUtil [1] header: Authorization = Basic a2Mud29uZ0BpZ3NsLWdyb3VwLmNvbTpBVEFUVDN4RmZHRjA3dWpQU29CVEx4WEFhemFrOHIxNTA1dGFzdERwYmU3Z1JSZ2FiV1RteDBkR3MyNno3NTBvcjZGN0tJRURSaC1lTnNab2YwMVdTM1pNbHR0Wkl3ZzY0RzZfQkRxM2pUMzlkNDdxUkJvX1NIMzZOaEJCajQ3eW96aWVuZGdSaU54SGxZMnEtY2stVDZIbnNxeE5MTnh4R0d4dEp6MGlfUHZsdXo0aERLMmQ1LTg9N0Y2RjY0RjE=
2025-03-12 15:42:42,551 DEBUG c.i.r.RestUtil [1] uri: https://kcwong.atlassian.net/rest/api/3/project/search GET
2025-03-12 15:42:42,551 DEBUG c.i.r.RestUtil [1] query: startAt = 0
2025-03-12 15:42:42,553 DEBUG c.i.r.RestUtil [1] header: Authorization = Basic a2Mud29uZ0BpZ3NsLWdyb3VwLmNvbTpBVEFUVDN4RmZHRjA3dWpQU29CVEx4WEFhemFrOHIxNTA1dGFzdERwYmU3Z1JSZ2FiV1RteDBkR3MyNno3NTBvcjZGN0tJRURSaC1lTnNab2YwMVdTM1pNbHR0Wkl3ZzY0RzZfQkRxM2pUMzlkNDdxUkJvX1NIMzZOaEJCajQ3eW96aWVuZGdSaU54SGxZMnEtY2stVDZIbnNxeE5MTnh4R0d4dEp6MGlfUHZsdXo0aERLMmQ1LTg9N0Y2RjY0RjE=
2025-03-12 15:42:43,850 INFO c.i.m.CSVMapping [1] Global Mapping: {
  "ISSUE_TYPE" : {
    "Task" : "10005",
    "Support" : "10015",
    "Epic" : "10000",
    "Service Request with Approvals" : "10033",
    "Ask a question" : "10029",
    "General request" : "10026",
    "New Feature" : "10014",
    "Improvement" : "10016",
    "Bug" : "10007",
    "IT Help" : "10031",
    "[System] Post-incident review" : "10009",
    "Approval" : "10017",
    "Story" : "10004",
    "[System] Problem" : "10013",
    "[System] Incident" : "10008",
    "CSR" : "10027",
    "Service Request" : "10032",
    "[System] Service request" : "10010",
    "[System] Service request with approvals" : "10011",
    "Change" : "10036",
    "[System] Change" : "10012",
    "Emailed request" : "10030",
    "Sub-task" : "10006",
    "Submit a request or incident" : "10028",
    "Problem" : "10035",
    "Incident" : "10034"
  },
  "PROJECT" : {
    "SCRUM2" : "10053",
    "FT1" : "10042",
    "UT2" : "10044",
    "FT2" : "10045",
    "TEST" : "10052",
    "SCRUM" : "10051",
    "CHEC" : "10040",
    "UT" : "10043"
  }
}
2025-03-12 15:46:08,642 INFO c.i.r.ClientPool [1] ClientPool initialized, size: 10
2025-03-12 15:46:08,920 DEBUG c.i.r.RestUtil [1] uri: https://kcwong.atlassian.net/rest/api/3/issuetype GET
2025-03-12 15:46:08,942 DEBUG c.i.r.RestUtil [1] header: Authorization = Basic a2Mud29uZ0BpZ3NsLWdyb3VwLmNvbTpBVEFUVDN4RmZHRjA3dWpQU29CVEx4WEFhemFrOHIxNTA1dGFzdERwYmU3Z1JSZ2FiV1RteDBkR3MyNno3NTBvcjZGN0tJRURSaC1lTnNab2YwMVdTM1pNbHR0Wkl3ZzY0RzZfQkRxM2pUMzlkNDdxUkJvX1NIMzZOaEJCajQ3eW96aWVuZGdSaU54SGxZMnEtY2stVDZIbnNxeE5MTnh4R0d4dEp6MGlfUHZsdXo0aERLMmQ1LTg9N0Y2RjY0RjE=
2025-03-12 15:46:11,343 DEBUG c.i.r.RestUtil [1] uri: https://kcwong.atlassian.net/rest/api/3/project/search GET
2025-03-12 15:46:11,343 DEBUG c.i.r.RestUtil [1] query: startAt = 0
2025-03-12 15:46:11,344 DEBUG c.i.r.RestUtil [1] header: Authorization = Basic a2Mud29uZ0BpZ3NsLWdyb3VwLmNvbTpBVEFUVDN4RmZHRjA3dWpQU29CVEx4WEFhemFrOHIxNTA1dGFzdERwYmU3Z1JSZ2FiV1RteDBkR3MyNno3NTBvcjZGN0tJRURSaC1lTnNab2YwMVdTM1pNbHR0Wkl3ZzY0RzZfQkRxM2pUMzlkNDdxUkJvX1NIMzZOaEJCajQ3eW96aWVuZGdSaU54SGxZMnEtY2stVDZIbnNxeE5MTnh4R0d4dEp6MGlfUHZsdXo0aERLMmQ1LTg9N0Y2RjY0RjE=
2025-03-12 15:46:12,657 INFO c.i.m.CSVMapping [1] Global Mapping: {
  "PROJECT" : {
    "SCRUM2" : "10053",
    "FT1" : "10042",
    "UT2" : "10044",
    "FT2" : "10045",
    "TEST" : "10052",
    "SCRUM" : "10051",
    "CHEC" : "10040",
    "UT" : "10043"
  },
  "ISSUE_TYPE" : {
    "Task" : "10005",
    "Support" : "10015",
    "Epic" : "10000",
    "Service Request with Approvals" : "10033",
    "Ask a question" : "10029",
    "General request" : "10026",
    "New Feature" : "10014",
    "Improvement" : "10016",
    "Bug" : "10007",
    "IT Help" : "10031",
    "[System] Post-incident review" : "10009",
    "Approval" : "10017",
    "Story" : "10004",
    "[System] Problem" : "10013",
    "[System] Incident" : "10008",
    "CSR" : "10027",
    "Service Request" : "10032",
    "[System] Service request" : "10010",
    "[System] Service request with approvals" : "10011",
    "Change" : "10036",
    "[System] Change" : "10012",
    "Emailed request" : "10030",
    "Sub-task" : "10006",
    "Submit a request or incident" : "10028",
    "Problem" : "10035",
    "Incident" : "10034"
  }
}
2025-03-12 15:46:12,683 DEBUG c.i.r.RestUtil [1] uri: https://kcwong.atlassian.net/rest/api/3/search/jql GET
2025-03-12 15:46:12,683 DEBUG c.i.r.RestUtil [1] query: jql = project IN (VMNQ, VMNQCL)
2025-03-12 15:46:12,683 DEBUG c.i.r.RestUtil [1] header: Authorization = Basic a2Mud29uZ0BpZ3NsLWdyb3VwLmNvbTpBVEFUVDN4RmZHRjA3dWpQU29CVEx4WEFhemFrOHIxNTA1dGFzdERwYmU3Z1JSZ2FiV1RteDBkR3MyNno3NTBvcjZGN0tJRURSaC1lTnNab2YwMVdTM1pNbHR0Wkl3ZzY0RzZfQkRxM2pUMzlkNDdxUkJvX1NIMzZOaEJCajQ3eW96aWVuZGdSaU54SGxZMnEtY2stVDZIbnNxeE5MTnh4R0d4dEp6MGlfUHZsdXo0aERLMmQ1LTg9N0Y2RjY0RjE=
2025-03-12 15:47:27,177 INFO c.i.r.ClientPool [1] ClientPool initialized, size: 10
2025-03-12 15:47:27,316 DEBUG c.i.r.RestUtil [1] uri: https://kcwong.atlassian.net/rest/api/3/issuetype GET
2025-03-12 15:47:27,332 DEBUG c.i.r.RestUtil [1] header: Authorization = Basic a2Mud29uZ0BpZ3NsLWdyb3VwLmNvbTpBVEFUVDN4RmZHRjA3dWpQU29CVEx4WEFhemFrOHIxNTA1dGFzdERwYmU3Z1JSZ2FiV1RteDBkR3MyNno3NTBvcjZGN0tJRURSaC1lTnNab2YwMVdTM1pNbHR0Wkl3ZzY0RzZfQkRxM2pUMzlkNDdxUkJvX1NIMzZOaEJCajQ3eW96aWVuZGdSaU54SGxZMnEtY2stVDZIbnNxeE5MTnh4R0d4dEp6MGlfUHZsdXo0aERLMmQ1LTg9N0Y2RjY0RjE=
2025-03-12 15:47:29,781 DEBUG c.i.r.RestUtil [1] uri: https://kcwong.atlassian.net/rest/api/3/project/search GET
2025-03-12 15:47:29,782 DEBUG c.i.r.RestUtil [1] query: startAt = 0
2025-03-12 15:47:29,783 DEBUG c.i.r.RestUtil [1] header: Authorization = Basic a2Mud29uZ0BpZ3NsLWdyb3VwLmNvbTpBVEFUVDN4RmZHRjA3dWpQU29CVEx4WEFhemFrOHIxNTA1dGFzdERwYmU3Z1JSZ2FiV1RteDBkR3MyNno3NTBvcjZGN0tJRURSaC1lTnNab2YwMVdTM1pNbHR0Wkl3ZzY0RzZfQkRxM2pUMzlkNDdxUkJvX1NIMzZOaEJCajQ3eW96aWVuZGdSaU54SGxZMnEtY2stVDZIbnNxeE5MTnh4R0d4dEp6MGlfUHZsdXo0aERLMmQ1LTg9N0Y2RjY0RjE=
2025-03-12 15:47:31,107 INFO c.i.m.CSVMapping [1] Global Mapping: {
  "ISSUE_TYPE" : {
    "Task" : "10005",
    "Support" : "10015",
    "Epic" : "10000",
    "Service Request with Approvals" : "10033",
    "Ask a question" : "10029",
    "General request" : "10026",
    "New Feature" : "10014",
    "Improvement" : "10016",
    "Bug" : "10007",
    "IT Help" : "10031",
    "[System] Post-incident review" : "10009",
    "Approval" : "10017",
    "Story" : "10004",
    "[System] Problem" : "10013",
    "[System] Incident" : "10008",
    "CSR" : "10027",
    "Service Request" : "10032",
    "[System] Service request" : "10010",
    "[System] Service request with approvals" : "10011",
    "Change" : "10036",
    "[System] Change" : "10012",
    "Emailed request" : "10030",
    "Sub-task" : "10006",
    "Submit a request or incident" : "10028",
    "Problem" : "10035",
    "Incident" : "10034"
  },
  "PROJECT" : {
    "SCRUM2" : "10053",
    "FT1" : "10042",
    "UT2" : "10044",
    "FT2" : "10045",
    "TEST" : "10052",
    "SCRUM" : "10051",
    "CHEC" : "10040",
    "UT" : "10043"
  }
}
2025-03-12 15:47:31,122 DEBUG c.i.r.RestUtil [1] uri: https://kcwong.atlassian.net/rest/api/3/search/jql GET
2025-03-12 15:47:31,122 DEBUG c.i.r.RestUtil [1] query: jql = project IN (VMNQ, VMNQCL)
2025-03-12 15:47:31,122 DEBUG c.i.r.RestUtil [1] header: Authorization = Basic a2Mud29uZ0BpZ3NsLWdyb3VwLmNvbTpBVEFUVDN4RmZHRjA3dWpQU29CVEx4WEFhemFrOHIxNTA1dGFzdERwYmU3Z1JSZ2FiV1RteDBkR3MyNno3NTBvcjZGN0tJRURSaC1lTnNab2YwMVdTM1pNbHR0Wkl3ZzY0RzZfQkRxM2pUMzlkNDdxUkJvX1NIMzZOaEJCajQ3eW96aWVuZGdSaU54SGxZMnEtY2stVDZIbnNxeE5MTnh4R0d4dEp6MGlfUHZsdXo0aERLMmQ1LTg9N0Y2RjY0RjE=
